0 verbose cli /opt/homebrew/Cellar/node/25.9.0_2/bin/node /opt/homebrew/bin/npm
1 info using npm@11.13.0
2 info using node@v25.9.0
3 silly config load:file:/opt/homebrew/lib/node_modules/npm/npmrc
4 silly config load:file:/Users/agents/.openclaw/workspace/emmetts-bin-cleaning/.npmrc
5 silly config load:file:/Users/agents/.npmrc
6 silly config load:file:/opt/homebrew/etc/npmrc
7 verbose title npm install
8 verbose argv "install" "--cache" ".npm-cache"
9 verbose logfile logs-max:10 dir:/Users/agents/.openclaw/workspace/emmetts-bin-cleaning/.npm-cache/_logs/2026-05-09T00_01_00_820Z-
10 verbose logfile /Users/agents/.openclaw/workspace/emmetts-bin-cleaning/.npm-cache/_logs/2026-05-09T00_01_00_820Z-debug-0.log
11 silly logfile done cleaning log files
12 silly packumentCache heap:4496293888 maxSize:1124073472 maxEntrySize:562036736
13 silly idealTree buildDeps
14 silly fetch manifest @vitejs/plugin-react@latest
15 silly packumentCache full:https://registry.npmjs.org/@vitejs%2fplugin-react cache-miss
16 http fetch GET 200 https://registry.npmjs.org/@vitejs%2fplugin-react 102ms (cache miss)
17 silly packumentCache full:https://registry.npmjs.org/@vitejs%2fplugin-react set size:undefined disposed:false
18 silly fetch manifest @rolldown/plugin-babel@^0.1.7 || ^0.2.0
19 silly packumentCache full:https://registry.npmjs.org/@rolldown%2fplugin-babel cache-miss
20 http fetch GET 200 https://registry.npmjs.org/npm 149ms
21 http fetch GET 200 https://registry.npmjs.org/@rolldown%2fplugin-babel 65ms (cache miss)
22 silly packumentCache full:https://registry.npmjs.org/@rolldown%2fplugin-babel set size:undefined disposed:false
23 silly fetch manifest @babel/core@^7.29.0 || ^8.0.0-rc.1
24 silly packumentCache full:https://registry.npmjs.org/@babel%2fcore cache-miss
25 http fetch GET 200 https://registry.npmjs.org/@babel%2fcore 73ms (cache miss)
26 silly packumentCache full:https://registry.npmjs.org/@babel%2fcore set size:undefined disposed:false
27 silly fetch manifest @babel/plugin-transform-runtime@^7.29.0 || ^8.0.0-rc.1
28 silly packumentCache full:https://registry.npmjs.org/@babel%2fplugin-transform-runtime cache-miss
29 http fetch GET 200 https://registry.npmjs.org/@babel%2fplugin-transform-runtime 53ms (cache miss)
30 silly packumentCache full:https://registry.npmjs.org/@babel%2fplugin-transform-runtime set size:undefined disposed:false
31 silly fetch manifest @babel/runtime@^7.27.0 || ^8.0.0-rc.1
32 silly packumentCache full:https://registry.npmjs.org/@babel%2fruntime cache-miss
33 http fetch GET 200 https://registry.npmjs.org/@babel%2fruntime 140ms (cache miss)
34 silly packumentCache full:https://registry.npmjs.org/@babel%2fruntime set size:undefined disposed:false
35 silly fetch manifest rolldown@^1.0.0-rc.5
36 silly packumentCache full:https://registry.npmjs.org/rolldown cache-miss
37 http fetch GET 200 https://registry.npmjs.org/rolldown 74ms (cache miss)
38 silly packumentCache full:https://registry.npmjs.org/rolldown set size:undefined disposed:false
39 silly fetch manifest vite@latest
40 silly packumentCache full:https://registry.npmjs.org/vite cache-miss
41 http fetch GET 200 https://registry.npmjs.org/vite 1298ms (cache miss)
42 silly packumentCache full:https://registry.npmjs.org/vite set size:undefined disposed:false
43 silly fetch manifest @types/node@^20.19.0 || >=22.12.0
44 silly packumentCache full:https://registry.npmjs.org/@types%2fnode cache-miss
45 http fetch GET 200 https://registry.npmjs.org/@types%2fnode 184ms (cache miss)
46 silly packumentCache full:https://registry.npmjs.org/@types%2fnode set size:undefined disposed:false
47 silly fetch manifest @vitejs/devtools@^0.1.18
48 silly packumentCache full:https://registry.npmjs.org/@vitejs%2fdevtools cache-miss
49 http fetch GET 200 https://registry.npmjs.org/@vitejs%2fdevtools 65ms (cache miss)
50 silly packumentCache full:https://registry.npmjs.org/@vitejs%2fdevtools set size:undefined disposed:false
51 silly fetch manifest esbuild@^0.27.0 || ^0.28.0
52 silly packumentCache full:https://registry.npmjs.org/esbuild cache-miss
53 http fetch GET 200 https://registry.npmjs.org/esbuild 70ms (cache miss)
54 silly packumentCache full:https://registry.npmjs.org/esbuild set size:undefined disposed:false
55 silly fetch manifest jiti@>=1.21.0
56 silly packumentCache full:https://registry.npmjs.org/jiti cache-miss
57 http fetch GET 200 https://registry.npmjs.org/jiti 42ms (cache miss)
58 silly packumentCache full:https://registry.npmjs.org/jiti set size:undefined disposed:false
59 silly fetch manifest less@^4.0.0
60 silly packumentCache full:https://registry.npmjs.org/less cache-miss
61 http fetch GET 200 https://registry.npmjs.org/less 41ms (cache miss)
62 silly packumentCache full:https://registry.npmjs.org/less set size:undefined disposed:false
63 silly fetch manifest sass@^1.70.0
64 silly packumentCache full:https://registry.npmjs.org/sass cache-miss
65 http fetch GET 200 https://registry.npmjs.org/sass 53ms (cache miss)
66 silly packumentCache full:https://registry.npmjs.org/sass set size:undefined disposed:false
67 silly fetch manifest sass-embedded@^1.70.0
68 silly packumentCache full:https://registry.npmjs.org/sass-embedded cache-miss
69 http fetch GET 200 https://registry.npmjs.org/sass-embedded 43ms (cache miss)
70 silly packumentCache full:https://registry.npmjs.org/sass-embedded set size:undefined disposed:false
71 silly fetch manifest stylus@>=0.54.8
72 silly packumentCache full:https://registry.npmjs.org/stylus cache-miss
73 http fetch GET 200 https://registry.npmjs.org/stylus 49ms (cache miss)
74 silly packumentCache full:https://registry.npmjs.org/stylus set size:undefined disposed:false
75 silly fetch manifest sugarss@^5.0.0
76 silly packumentCache full:https://registry.npmjs.org/sugarss cache-miss
77 http fetch GET 200 https://registry.npmjs.org/sugarss 32ms (cache miss)
78 silly packumentCache full:https://registry.npmjs.org/sugarss set size:undefined disposed:false
79 silly fetch manifest postcss@^8.3.3
80 silly packumentCache full:https://registry.npmjs.org/postcss cache-miss
81 http fetch GET 200 https://registry.npmjs.org/postcss 48ms (cache miss)
82 silly packumentCache full:https://registry.npmjs.org/postcss set size:undefined disposed:false
83 silly fetch manifest terser@^5.16.0
84 silly packumentCache full:https://registry.npmjs.org/terser cache-miss
85 http fetch GET 200 https://registry.npmjs.org/terser 61ms (cache miss)
86 silly packumentCache full:https://registry.npmjs.org/terser set size:undefined disposed:false
87 silly fetch manifest tsx@^4.8.1
88 silly packumentCache full:https://registry.npmjs.org/tsx cache-miss
89 http fetch GET 200 https://registry.npmjs.org/tsx 82ms (cache miss)
90 silly packumentCache full:https://registry.npmjs.org/tsx set size:undefined disposed:false
91 silly fetch manifest yaml@^2.4.2
92 silly packumentCache full:https://registry.npmjs.org/yaml cache-miss
93 http fetch GET 200 https://registry.npmjs.org/yaml 48ms (cache miss)
94 silly packumentCache full:https://registry.npmjs.org/yaml set size:undefined disposed:false
95 silly fetch manifest babel-plugin-react-compiler@^1.0.0
96 silly packumentCache full:https://registry.npmjs.org/babel-plugin-react-compiler cache-miss
97 http fetch GET 200 https://registry.npmjs.org/babel-plugin-react-compiler 53ms (cache miss)
98 silly packumentCache full:https://registry.npmjs.org/babel-plugin-react-compiler set size:undefined disposed:false
99 silly fetch manifest react@latest
100 silly packumentCache full:https://registry.npmjs.org/react cache-miss
101 http fetch GET 200 https://registry.npmjs.org/react 146ms (cache miss)
102 silly packumentCache full:https://registry.npmjs.org/react set size:undefined disposed:false
103 silly fetch manifest react-dom@latest
104 silly packumentCache full:https://registry.npmjs.org/react-dom cache-miss
105 http fetch GET 200 https://registry.npmjs.org/react-dom 175ms (cache miss)
106 silly packumentCache full:https://registry.npmjs.org/react-dom set size:undefined disposed:false
107 silly fetch manifest lucide-react@latest
108 silly packumentCache full:https://registry.npmjs.org/lucide-react cache-miss
109 http fetch GET 200 https://registry.npmjs.org/lucide-react 65ms (cache miss)
110 silly packumentCache full:https://registry.npmjs.org/lucide-react set size:undefined disposed:false
111 silly placeDep ROOT @vitejs/plugin-react@6.0.1 OK for:  want: latest
112 silly placeDep ROOT vite@8.0.11 OK for: @vitejs/plugin-react@6.0.1 want: ^8.0.0
113 silly placeDep ROOT lucide-react@1.14.0 OK for:  want: latest
114 silly placeDep ROOT react@19.2.6 OK for: lucide-react@1.14.0 want: ^16.5.1 || ^17.0.0 || ^18.0.0 || ^19.0.0
115 silly placeDep ROOT react-dom@19.2.6 OK for:  want: latest
116 silly fetch manifest @rolldown/pluginutils@1.0.0-rc.7
117 silly packumentCache full:https://registry.npmjs.org/@rolldown%2fpluginutils cache-miss
118 silly fetch manifest postcss@^8.5.14
119 silly packumentCache full:https://registry.npmjs.org/postcss cache-miss
120 silly fetch manifest rolldown@1.0.0-rc.18
121 silly packumentCache full:https://registry.npmjs.org/rolldown cache-miss
122 silly fetch manifest picomatch@^4.0.4
123 silly packumentCache full:https://registry.npmjs.org/picomatch cache-miss
124 silly fetch manifest tinyglobby@^0.2.16
125 silly packumentCache full:https://registry.npmjs.org/tinyglobby cache-miss
126 silly fetch manifest lightningcss@^1.32.0
127 silly packumentCache full:https://registry.npmjs.org/lightningcss cache-miss
128 silly fetch manifest fsevents@~2.3.3
129 silly packumentCache full:https://registry.npmjs.org/fsevents cache-miss
130 silly fetch manifest scheduler@^0.27.0
131 silly packumentCache full:https://registry.npmjs.org/scheduler cache-miss
132 http cache https://registry.npmjs.org/postcss 9ms (cache hit)
133 silly packumentCache full:https://registry.npmjs.org/postcss set size:720302 disposed:false
134 http cache https://registry.npmjs.org/rolldown 14ms (cache hit)
135 silly packumentCache full:https://registry.npmjs.org/rolldown set size:3701484 disposed:false
136 http fetch GET 200 https://registry.npmjs.org/picomatch 32ms (cache miss)
137 silly packumentCache full:https://registry.npmjs.org/picomatch set size:undefined disposed:false
138 http fetch GET 200 https://registry.npmjs.org/@rolldown%2fpluginutils 50ms (cache miss)
139 silly packumentCache full:https://registry.npmjs.org/@rolldown%2fpluginutils set size:undefined disposed:false
140 http fetch GET 200 https://registry.npmjs.org/tinyglobby 84ms (cache miss)
141 silly packumentCache full:https://registry.npmjs.org/tinyglobby set size:undefined disposed:false
142 http fetch GET 200 https://registry.npmjs.org/fsevents 86ms (cache miss)
143 silly packumentCache full:https://registry.npmjs.org/fsevents set size:undefined disposed:false
144 http fetch GET 200 https://registry.npmjs.org/lightningcss 90ms (cache miss)
145 silly packumentCache full:https://registry.npmjs.org/lightningcss set size:undefined disposed:false
146 http fetch GET 200 https://registry.npmjs.org/scheduler 294ms (cache miss)
147 silly packumentCache full:https://registry.npmjs.org/scheduler set size:undefined disposed:false
148 silly placeDep ROOT @rolldown/pluginutils@1.0.0-rc.7 OK for: @vitejs/plugin-react@6.0.1 want: 1.0.0-rc.7
149 silly placeDep ROOT scheduler@0.27.0 OK for: react-dom@19.2.6 want: ^0.27.0
150 silly placeDep ROOT fsevents@2.3.3 OK for: vite@8.0.11 want: ~2.3.3
151 silly placeDep ROOT lightningcss@1.32.0 OK for: vite@8.0.11 want: ^1.32.0
152 silly placeDep ROOT picomatch@4.0.4 OK for: vite@8.0.11 want: ^4.0.4
153 silly placeDep ROOT postcss@8.5.14 OK for: vite@8.0.11 want: ^8.5.14
154 silly placeDep ROOT rolldown@1.0.0-rc.18 OK for: vite@8.0.11 want: 1.0.0-rc.18
155 silly placeDep ROOT tinyglobby@0.2.16 OK for: vite@8.0.11 want: ^0.2.16
156 silly fetch manifest detect-libc@^2.0.3
157 silly packumentCache full:https://registry.npmjs.org/detect-libc cache-miss
158 silly fetch manifest lightningcss-darwin-x64@1.32.0
159 silly packumentCache full:https://registry.npmjs.org/lightningcss-darwin-x64 cache-miss
160 silly fetch manifest lightningcss-linux-x64-gnu@1.32.0
161 silly packumentCache full:https://registry.npmjs.org/lightningcss-linux-x64-gnu cache-miss
162 silly fetch manifest lightningcss-win32-x64-msvc@1.32.0
163 silly packumentCache full:https://registry.npmjs.org/lightningcss-win32-x64-msvc cache-miss
164 silly fetch manifest lightningcss-win32-arm64-msvc@1.32.0
165 silly packumentCache full:https://registry.npmjs.org/lightningcss-win32-arm64-msvc cache-miss
166 silly fetch manifest lightningcss-darwin-arm64@1.32.0
167 silly packumentCache full:https://registry.npmjs.org/lightningcss-darwin-arm64 cache-miss
168 silly fetch manifest lightningcss-linux-arm64-gnu@1.32.0
169 silly packumentCache full:https://registry.npmjs.org/lightningcss-linux-arm64-gnu cache-miss
170 silly fetch manifest lightningcss-linux-arm-gnueabihf@1.32.0
171 silly packumentCache full:https://registry.npmjs.org/lightningcss-linux-arm-gnueabihf cache-miss
172 silly fetch manifest lightningcss-linux-arm64-musl@1.32.0
173 silly packumentCache full:https://registry.npmjs.org/lightningcss-linux-arm64-musl cache-miss
174 silly fetch manifest lightningcss-linux-x64-musl@1.32.0
175 silly packumentCache full:https://registry.npmjs.org/lightningcss-linux-x64-musl cache-miss
176 silly fetch manifest lightningcss-freebsd-x64@1.32.0
177 silly packumentCache full:https://registry.npmjs.org/lightningcss-freebsd-x64 cache-miss
178 silly fetch manifest lightningcss-android-arm64@1.32.0
179 silly packumentCache full:https://registry.npmjs.org/lightningcss-android-arm64 cache-miss
180 silly fetch manifest nanoid@^3.3.11
181 silly packumentCache full:https://registry.npmjs.org/nanoid cache-miss
182 silly fetch manifest picocolors@^1.1.1
183 silly packumentCache full:https://registry.npmjs.org/picocolors cache-miss
184 silly fetch manifest source-map-js@^1.2.1
185 silly packumentCache full:https://registry.npmjs.org/source-map-js cache-miss
186 http fetch GET 200 https://registry.npmjs.org/detect-libc 35ms (cache miss)
187 silly packumentCache full:https://registry.npmjs.org/detect-libc set size:undefined disposed:false
188 silly fetch manifest @oxc-project/types@=0.128.0
189 silly packumentCache full:https://registry.npmjs.org/@oxc-project%2ftypes cache-miss
190 http fetch GET 200 https://registry.npmjs.org/lightningcss-darwin-x64 36ms (cache miss)
191 silly packumentCache full:https://registry.npmjs.org/lightningcss-darwin-x64 set size:undefined disposed:false
192 silly fetch manifest @rolldown/pluginutils@1.0.0-rc.18
193 silly packumentCache full:https://registry.npmjs.org/@rolldown%2fpluginutils cache-miss
194 http fetch GET 200 https://registry.npmjs.org/lightningcss-darwin-arm64 36ms (cache miss)
195 silly packumentCache full:https://registry.npmjs.org/lightningcss-darwin-arm64 set size:undefined disposed:false
196 silly fetch manifest @rolldown/binding-darwin-x64@1.0.0-rc.18
197 silly packumentCache full:https://registry.npmjs.org/@rolldown%2fbinding-darwin-x64 cache-miss
198 http fetch GET 200 https://registry.npmjs.org/lightningcss-win32-arm64-msvc 37ms (cache miss)
199 silly packumentCache full:https://registry.npmjs.org/lightningcss-win32-arm64-msvc set size:undefined disposed:false
200 silly fetch manifest @rolldown/binding-freebsd-x64@1.0.0-rc.18
201 silly packumentCache full:https://registry.npmjs.org/@rolldown%2fbinding-freebsd-x64 cache-miss
202 http fetch GET 200 https://registry.npmjs.org/lightningcss-win32-x64-msvc 38ms (cache miss)
203 silly packumentCache full:https://registry.npmjs.org/lightningcss-win32-x64-msvc set size:undefined disposed:false
204 silly fetch manifest @rolldown/binding-wasm32-wasi@1.0.0-rc.18
205 silly packumentCache full:https://registry.npmjs.org/@rolldown%2fbinding-wasm32-wasi cache-miss
206 http fetch GET 200 https://registry.npmjs.org/lightningcss-linux-x64-gnu 39ms (cache miss)
207 silly packumentCache full:https://registry.npmjs.org/lightningcss-linux-x64-gnu set size:undefined disposed:false
208 silly fetch manifest @rolldown/binding-darwin-arm64@1.0.0-rc.18
209 silly packumentCache full:https://registry.npmjs.org/@rolldown%2fbinding-darwin-arm64 cache-miss
210 http cache https://registry.npmjs.org/@rolldown%2fpluginutils 8ms (cache hit)
211 silly packumentCache full:https://registry.npmjs.org/@rolldown%2fpluginutils set size:294440 disposed:false
212 silly fetch manifest @rolldown/binding-android-arm64@1.0.0-rc.18
213 silly packumentCache full:https://registry.npmjs.org/@rolldown%2fbinding-android-arm64 cache-miss
214 http fetch GET 200 https://registry.npmjs.org/lightningcss-android-arm64 75ms (cache miss)
215 silly packumentCache full:https://registry.npmjs.org/lightningcss-android-arm64 set size:undefined disposed:false
216 silly fetch manifest @rolldown/binding-linux-x64-gnu@1.0.0-rc.18
217 silly packumentCache full:https://registry.npmjs.org/@rolldown%2fbinding-linux-x64-gnu cache-miss
218 http fetch GET 200 https://registry.npmjs.org/lightningcss-linux-arm-gnueabihf 77ms (cache miss)
219 silly packumentCache full:https://registry.npmjs.org/lightningcss-linux-arm-gnueabihf set size:undefined disposed:false
220 silly fetch manifest @rolldown/binding-linux-x64-musl@1.0.0-rc.18
221 silly packumentCache full:https://registry.npmjs.org/@rolldown%2fbinding-linux-x64-musl cache-miss
222 http fetch GET 200 https://registry.npmjs.org/lightningcss-freebsd-x64 81ms (cache miss)
223 silly packumentCache full:https://registry.npmjs.org/lightningcss-freebsd-x64 set size:undefined disposed:false
224 silly fetch manifest @rolldown/binding-win32-x64-msvc@1.0.0-rc.18
225 silly packumentCache full:https://registry.npmjs.org/@rolldown%2fbinding-win32-x64-msvc cache-miss
226 http fetch GET 200 https://registry.npmjs.org/lightningcss-linux-arm64-gnu 82ms (cache miss)
227 silly packumentCache full:https://registry.npmjs.org/lightningcss-linux-arm64-gnu set size:undefined disposed:false
228 silly fetch manifest @rolldown/binding-linux-arm64-gnu@1.0.0-rc.18
229 silly packumentCache full:https://registry.npmjs.org/@rolldown%2fbinding-linux-arm64-gnu cache-miss
230 http fetch GET 200 https://registry.npmjs.org/lightningcss-linux-x64-musl 85ms (cache miss)
231 silly packumentCache full:https://registry.npmjs.org/lightningcss-linux-x64-musl set size:undefined disposed:false
232 silly fetch manifest @rolldown/binding-linux-ppc64-gnu@1.0.0-rc.18
233 silly packumentCache full:https://registry.npmjs.org/@rolldown%2fbinding-linux-ppc64-gnu cache-miss
234 http fetch GET 200 https://registry.npmjs.org/source-map-js 90ms (cache miss)
235 silly packumentCache full:https://registry.npmjs.org/source-map-js set size:undefined disposed:false
236 silly fetch manifest @rolldown/binding-linux-s390x-gnu@1.0.0-rc.18
237 silly packumentCache full:https://registry.npmjs.org/@rolldown%2fbinding-linux-s390x-gnu cache-miss
238 http fetch GET 200 https://registry.npmjs.org/@oxc-project%2ftypes 57ms (cache miss)
239 silly packumentCache full:https://registry.npmjs.org/@oxc-project%2ftypes set size:undefined disposed:false
240 silly fetch manifest @rolldown/binding-linux-arm64-musl@1.0.0-rc.18
241 silly packumentCache full:https://registry.npmjs.org/@rolldown%2fbinding-linux-arm64-musl cache-miss
242 http fetch GET 200 https://registry.npmjs.org/lightningcss-linux-arm64-musl 96ms (cache miss)
243 silly packumentCache full:https://registry.npmjs.org/lightningcss-linux-arm64-musl set size:undefined disposed:false
244 silly fetch manifest @rolldown/binding-win32-arm64-msvc@1.0.0-rc.18
245 silly packumentCache full:https://registry.npmjs.org/@rolldown%2fbinding-win32-arm64-msvc cache-miss
246 http fetch GET 200 https://registry.npmjs.org/@rolldown%2fbinding-freebsd-x64 60ms (cache miss)
247 silly packumentCache full:https://registry.npmjs.org/@rolldown%2fbinding-freebsd-x64 set size:undefined disposed:false
248 silly fetch manifest @rolldown/binding-openharmony-arm64@1.0.0-rc.18
249 silly packumentCache full:https://registry.npmjs.org/@rolldown%2fbinding-openharmony-arm64 cache-miss
250 http fetch GET 200 https://registry.npmjs.org/nanoid 106ms (cache miss)
251 silly packumentCache full:https://registry.npmjs.org/nanoid set size:undefined disposed:false
252 silly fetch manifest @rolldown/binding-linux-arm-gnueabihf@1.0.0-rc.18
253 silly packumentCache full:https://registry.npmjs.org/@rolldown%2fbinding-linux-arm-gnueabihf cache-miss
254 http fetch GET 200 https://registry.npmjs.org/picocolors 109ms (cache miss)
255 silly packumentCache full:https://registry.npmjs.org/picocolors set size:undefined disposed:false
256 silly fetch manifest fdir@^6.5.0
257 silly packumentCache full:https://registry.npmjs.org/fdir cache-miss
258 http fetch GET 200 https://registry.npmjs.org/@rolldown%2fbinding-android-arm64 67ms (cache miss)
259 silly packumentCache full:https://registry.npmjs.org/@rolldown%2fbinding-android-arm64 set size:undefined disposed:false
260 http fetch GET 200 https://registry.npmjs.org/@rolldown%2fbinding-darwin-x64 80ms (cache miss)
261 silly packumentCache full:https://registry.npmjs.org/@rolldown%2fbinding-darwin-x64 set size:undefined disposed:false
262 http fetch GET 200 https://registry.npmjs.org/@rolldown%2fbinding-darwin-arm64 85ms (cache miss)
263 silly packumentCache full:https://registry.npmjs.org/@rolldown%2fbinding-darwin-arm64 set size:undefined disposed:false
264 http fetch GET 200 https://registry.npmjs.org/@rolldown%2fbinding-wasm32-wasi 89ms (cache miss)
265 silly packumentCache full:https://registry.npmjs.org/@rolldown%2fbinding-wasm32-wasi set size:undefined disposed:false
266 http fetch GET 200 https://registry.npmjs.org/@rolldown%2fbinding-linux-ppc64-gnu 45ms (cache miss)
267 silly packumentCache full:https://registry.npmjs.org/@rolldown%2fbinding-linux-ppc64-gnu set size:undefined disposed:false
268 http fetch GET 200 https://registry.npmjs.org/@rolldown%2fbinding-linux-s390x-gnu 60ms (cache miss)
269 silly packumentCache full:https://registry.npmjs.org/@rolldown%2fbinding-linux-s390x-gnu set size:undefined disposed:false
270 http fetch GET 200 https://registry.npmjs.org/@rolldown%2fbinding-openharmony-arm64 53ms (cache miss)
271 silly packumentCache full:https://registry.npmjs.org/@rolldown%2fbinding-openharmony-arm64 set size:undefined disposed:false
272 http fetch GET 200 https://registry.npmjs.org/@rolldown%2fbinding-linux-x64-musl 81ms (cache miss)
273 silly packumentCache full:https://registry.npmjs.org/@rolldown%2fbinding-linux-x64-musl set size:undefined disposed:false
274 http fetch GET 200 https://registry.npmjs.org/fdir 56ms (cache miss)
275 silly packumentCache full:https://registry.npmjs.org/fdir set size:undefined disposed:false
276 http fetch GET 200 https://registry.npmjs.org/@rolldown%2fbinding-linux-x64-gnu 93ms (cache miss)
277 silly packumentCache full:https://registry.npmjs.org/@rolldown%2fbinding-linux-x64-gnu set size:undefined disposed:false
278 http fetch GET 200 https://registry.npmjs.org/@rolldown%2fbinding-win32-x64-msvc 93ms (cache miss)
279 silly packumentCache full:https://registry.npmjs.org/@rolldown%2fbinding-win32-x64-msvc set size:undefined disposed:false
280 http fetch GET 200 https://registry.npmjs.org/@rolldown%2fbinding-linux-arm64-gnu 95ms (cache miss)
281 silly packumentCache full:https://registry.npmjs.org/@rolldown%2fbinding-linux-arm64-gnu set size:undefined disposed:false
282 http fetch GET 200 https://registry.npmjs.org/@rolldown%2fbinding-linux-arm64-musl 87ms (cache miss)
283 silly packumentCache full:https://registry.npmjs.org/@rolldown%2fbinding-linux-arm64-musl set size:undefined disposed:false
284 http fetch GET 200 https://registry.npmjs.org/@rolldown%2fbinding-win32-arm64-msvc 87ms (cache miss)
285 silly packumentCache full:https://registry.npmjs.org/@rolldown%2fbinding-win32-arm64-msvc set size:undefined disposed:false
286 http fetch GET 200 https://registry.npmjs.org/@rolldown%2fbinding-linux-arm-gnueabihf 93ms (cache miss)
287 silly packumentCache full:https://registry.npmjs.org/@rolldown%2fbinding-linux-arm-gnueabihf set size:undefined disposed:false
288 silly placeDep ROOT detect-libc@2.1.2 OK for: lightningcss@1.32.0 want: ^2.0.3
289 silly placeDep ROOT lightningcss-android-arm64@1.32.0 OK for: lightningcss@1.32.0 want: 1.32.0
290 silly placeDep ROOT lightningcss-darwin-arm64@1.32.0 OK for: lightningcss@1.32.0 want: 1.32.0
291 silly placeDep ROOT lightningcss-darwin-x64@1.32.0 OK for: lightningcss@1.32.0 want: 1.32.0
292 silly placeDep ROOT lightningcss-freebsd-x64@1.32.0 OK for: lightningcss@1.32.0 want: 1.32.0
293 silly placeDep ROOT lightningcss-linux-arm-gnueabihf@1.32.0 OK for: lightningcss@1.32.0 want: 1.32.0
294 silly placeDep ROOT lightningcss-linux-arm64-gnu@1.32.0 OK for: lightningcss@1.32.0 want: 1.32.0
295 silly placeDep ROOT lightningcss-linux-arm64-musl@1.32.0 OK for: lightningcss@1.32.0 want: 1.32.0
296 silly placeDep ROOT lightningcss-linux-x64-gnu@1.32.0 OK for: lightningcss@1.32.0 want: 1.32.0
297 silly placeDep ROOT lightningcss-linux-x64-musl@1.32.0 OK for: lightningcss@1.32.0 want: 1.32.0
298 silly placeDep ROOT lightningcss-win32-arm64-msvc@1.32.0 OK for: lightningcss@1.32.0 want: 1.32.0
299 silly placeDep ROOT lightningcss-win32-x64-msvc@1.32.0 OK for: lightningcss@1.32.0 want: 1.32.0
300 silly placeDep ROOT nanoid@3.3.12 OK for: postcss@8.5.14 want: ^3.3.11
301 silly placeDep ROOT picocolors@1.1.1 OK for: postcss@8.5.14 want: ^1.1.1
302 silly placeDep ROOT source-map-js@1.2.1 OK for: postcss@8.5.14 want: ^1.2.1
303 silly placeDep ROOT @oxc-project/types@0.128.0 OK for: rolldown@1.0.0-rc.18 want: =0.128.0
304 silly placeDep ROOT @rolldown/binding-android-arm64@1.0.0-rc.18 OK for: rolldown@1.0.0-rc.18 want: 1.0.0-rc.18
305 silly placeDep ROOT @rolldown/binding-darwin-arm64@1.0.0-rc.18 OK for: rolldown@1.0.0-rc.18 want: 1.0.0-rc.18
306 silly placeDep ROOT @rolldown/binding-darwin-x64@1.0.0-rc.18 OK for: rolldown@1.0.0-rc.18 want: 1.0.0-rc.18
307 silly placeDep ROOT @rolldown/binding-freebsd-x64@1.0.0-rc.18 OK for: rolldown@1.0.0-rc.18 want: 1.0.0-rc.18
308 silly placeDep ROOT @rolldown/binding-linux-arm-gnueabihf@1.0.0-rc.18 OK for: rolldown@1.0.0-rc.18 want: 1.0.0-rc.18
309 silly placeDep ROOT @rolldown/binding-linux-arm64-gnu@1.0.0-rc.18 OK for: rolldown@1.0.0-rc.18 want: 1.0.0-rc.18
310 silly placeDep ROOT @rolldown/binding-linux-arm64-musl@1.0.0-rc.18 OK for: rolldown@1.0.0-rc.18 want: 1.0.0-rc.18
311 silly placeDep ROOT @rolldown/binding-linux-ppc64-gnu@1.0.0-rc.18 OK for: rolldown@1.0.0-rc.18 want: 1.0.0-rc.18
312 silly placeDep ROOT @rolldown/binding-linux-s390x-gnu@1.0.0-rc.18 OK for: rolldown@1.0.0-rc.18 want: 1.0.0-rc.18
313 silly placeDep ROOT @rolldown/binding-linux-x64-gnu@1.0.0-rc.18 OK for: rolldown@1.0.0-rc.18 want: 1.0.0-rc.18
314 silly placeDep ROOT @rolldown/binding-linux-x64-musl@1.0.0-rc.18 OK for: rolldown@1.0.0-rc.18 want: 1.0.0-rc.18
315 silly placeDep ROOT @rolldown/binding-openharmony-arm64@1.0.0-rc.18 OK for: rolldown@1.0.0-rc.18 want: 1.0.0-rc.18
316 silly placeDep ROOT @rolldown/binding-wasm32-wasi@1.0.0-rc.18 OK for: rolldown@1.0.0-rc.18 want: 1.0.0-rc.18
317 silly placeDep ROOT @rolldown/binding-win32-arm64-msvc@1.0.0-rc.18 OK for: rolldown@1.0.0-rc.18 want: 1.0.0-rc.18
318 silly placeDep ROOT @rolldown/binding-win32-x64-msvc@1.0.0-rc.18 OK for: rolldown@1.0.0-rc.18 want: 1.0.0-rc.18
319 silly placeDep node_modules/rolldown @rolldown/pluginutils@1.0.0-rc.18 OK for: rolldown@1.0.0-rc.18 want: 1.0.0-rc.18
320 silly fetch manifest @emnapi/core@1.10.0
321 silly packumentCache full:https://registry.npmjs.org/@emnapi%2fcore cache-miss
322 silly fetch manifest @emnapi/runtime@1.10.0
323 silly packumentCache full:https://registry.npmjs.org/@emnapi%2fruntime cache-miss
324 silly fetch manifest @napi-rs/wasm-runtime@^1.1.4
325 silly packumentCache full:https://registry.npmjs.org/@napi-rs%2fwasm-runtime cache-miss
326 http fetch GET 200 https://registry.npmjs.org/@emnapi%2fcore 45ms (cache miss)
327 silly packumentCache full:https://registry.npmjs.org/@emnapi%2fcore set size:undefined disposed:false
328 http fetch GET 200 https://registry.npmjs.org/@emnapi%2fruntime 45ms (cache miss)
329 silly packumentCache full:https://registry.npmjs.org/@emnapi%2fruntime set size:undefined disposed:false
330 http fetch GET 200 https://registry.npmjs.org/@napi-rs%2fwasm-runtime 54ms (cache miss)
331 silly packumentCache full:https://registry.npmjs.org/@napi-rs%2fwasm-runtime set size:undefined disposed:false
332 silly placeDep ROOT @emnapi/core@1.10.0 OK for: @rolldown/binding-wasm32-wasi@1.0.0-rc.18 want: 1.10.0
333 silly placeDep ROOT @emnapi/runtime@1.10.0 OK for: @rolldown/binding-wasm32-wasi@1.0.0-rc.18 want: 1.10.0
334 silly placeDep ROOT @napi-rs/wasm-runtime@1.1.4 OK for: @rolldown/binding-wasm32-wasi@1.0.0-rc.18 want: ^1.1.4
335 silly fetch manifest @emnapi/wasi-threads@1.2.1
336 silly packumentCache full:https://registry.npmjs.org/@emnapi%2fwasi-threads cache-miss
337 silly fetch manifest tslib@^2.4.0
338 silly packumentCache full:https://registry.npmjs.org/tslib cache-miss
339 silly fetch manifest tslib@^2.4.0
340 silly packumentCache full:https://registry.npmjs.org/tslib cache-miss
341 silly fetch manifest @tybys/wasm-util@^0.10.1
342 silly packumentCache full:https://registry.npmjs.org/@tybys%2fwasm-util cache-miss
343 http fetch GET 200 https://registry.npmjs.org/tslib 33ms (cache miss)
344 silly packumentCache full:https://registry.npmjs.org/tslib set size:undefined disposed:false
345 http fetch GET 200 https://registry.npmjs.org/tslib 38ms (cache miss)
346 silly packumentCache full:https://registry.npmjs.org/tslib set size:undefined disposed:false
347 http fetch GET 200 https://registry.npmjs.org/@emnapi%2fwasi-threads 41ms (cache miss)
348 silly packumentCache full:https://registry.npmjs.org/@emnapi%2fwasi-threads set size:undefined disposed:false
349 http fetch GET 200 https://registry.npmjs.org/@tybys%2fwasm-util 41ms (cache miss)
350 silly packumentCache full:https://registry.npmjs.org/@tybys%2fwasm-util set size:undefined disposed:false
351 silly placeDep ROOT @emnapi/wasi-threads@1.2.1 OK for: @emnapi/core@1.10.0 want: 1.2.1
352 silly placeDep ROOT tslib@2.8.1 OK for: @emnapi/core@1.10.0 want: ^2.4.0
353 silly placeDep ROOT @tybys/wasm-util@0.10.2 OK for: @napi-rs/wasm-runtime@1.1.4 want: ^0.10.1
354 silly placeDep ROOT fdir@6.5.0 OK for: tinyglobby@0.2.16 want: ^6.5.0
355 silly reify moves {}
356 silly audit bulk request {
356 silly audit   '@vitejs/plugin-react': [ '6.0.1' ],
356 silly audit   vite: [ '8.0.11' ],
356 silly audit   'lucide-react': [ '1.14.0' ],
356 silly audit   react: [ '19.2.6' ],
356 silly audit   'react-dom': [ '19.2.6' ],
356 silly audit   '@rolldown/pluginutils': [ '1.0.0-rc.7', '1.0.0-rc.18' ],
356 silly audit   scheduler: [ '0.27.0' ],
356 silly audit   fsevents: [ '2.3.3' ],
356 silly audit   lightningcss: [ '1.32.0' ],
356 silly audit   picomatch: [ '4.0.4' ],
356 silly audit   postcss: [ '8.5.14' ],
356 silly audit   rolldown: [ '1.0.0-rc.18' ],
356 silly audit   tinyglobby: [ '0.2.16' ],
356 silly audit   'detect-libc': [ '2.1.2' ],
356 silly audit   'lightningcss-android-arm64': [ '1.32.0' ],
356 silly audit   'lightningcss-darwin-arm64': [ '1.32.0' ],
356 silly audit   'lightningcss-darwin-x64': [ '1.32.0' ],
356 silly audit   'lightningcss-freebsd-x64': [ '1.32.0' ],
356 silly audit   'lightningcss-linux-arm-gnueabihf': [ '1.32.0' ],
356 silly audit   'lightningcss-linux-arm64-gnu': [ '1.32.0' ],
356 silly audit   'lightningcss-linux-arm64-musl': [ '1.32.0' ],
356 silly audit   'lightningcss-linux-x64-gnu': [ '1.32.0' ],
356 silly audit   'lightningcss-linux-x64-musl': [ '1.32.0' ],
356 silly audit   'lightningcss-win32-arm64-msvc': [ '1.32.0' ],
356 silly audit   'lightningcss-win32-x64-msvc': [ '1.32.0' ],
356 silly audit   nanoid: [ '3.3.12' ],
356 silly audit   picocolors: [ '1.1.1' ],
356 silly audit   'source-map-js': [ '1.2.1' ],
356 silly audit   '@oxc-project/types': [ '0.128.0' ],
356 silly audit   '@rolldown/binding-android-arm64': [ '1.0.0-rc.18' ],
356 silly audit   '@rolldown/binding-darwin-arm64': [ '1.0.0-rc.18' ],
356 silly audit   '@rolldown/binding-darwin-x64': [ '1.0.0-rc.18' ],
356 silly audit   '@rolldown/binding-freebsd-x64': [ '1.0.0-rc.18' ],
356 silly audit   '@rolldown/binding-linux-arm-gnueabihf': [ '1.0.0-rc.18' ],
356 silly audit   '@rolldown/binding-linux-arm64-gnu': [ '1.0.0-rc.18' ],
356 silly audit   '@rolldown/binding-linux-arm64-musl': [ '1.0.0-rc.18' ],
356 silly audit   '@rolldown/binding-linux-ppc64-gnu': [ '1.0.0-rc.18' ],
356 silly audit   '@rolldown/binding-linux-s390x-gnu': [ '1.0.0-rc.18' ],
356 silly audit   '@rolldown/binding-linux-x64-gnu': [ '1.0.0-rc.18' ],
356 silly audit   '@rolldown/binding-linux-x64-musl': [ '1.0.0-rc.18' ],
356 silly audit   '@rolldown/binding-openharmony-arm64': [ '1.0.0-rc.18' ],
356 silly audit   '@rolldown/binding-wasm32-wasi': [ '1.0.0-rc.18' ],
356 silly audit   '@rolldown/binding-win32-arm64-msvc': [ '1.0.0-rc.18' ],
356 silly audit   '@rolldown/binding-win32-x64-msvc': [ '1.0.0-rc.18' ],
356 silly audit   '@emnapi/core': [ '1.10.0' ],
356 silly audit   '@emnapi/runtime': [ '1.10.0' ],
356 silly audit   '@napi-rs/wasm-runtime': [ '1.1.4' ],
356 silly audit   '@emnapi/wasi-threads': [ '1.2.1' ],
356 silly audit   tslib: [ '2.8.1' ],
356 silly audit   '@tybys/wasm-util': [ '0.10.2' ],
356 silly audit   fdir: [ '6.5.0' ]
356 silly audit }
357 http cache fdir@https://registry.npmjs.org/fdir/-/fdir-6.5.0.tgz 0ms (cache hit)
358 http cache @rolldown/binding-darwin-arm64@https://registry.npmjs.org/@rolldown/binding-darwin-arm64/-/binding-darwin-arm64-1.0.0-rc.18.tgz 0ms (cache hit)
359 http cache picocolors@https://registry.npmjs.org/picocolors/-/picocolors-1.1.1.tgz 0ms (cache hit)
360 http cache source-map-js@https://registry.npmjs.org/source-map-js/-/source-map-js-1.2.1.tgz 0ms (cache hit)
361 http cache nanoid@https://registry.npmjs.org/nanoid/-/nanoid-3.3.12.tgz 0ms (cache hit)
362 http cache tinyglobby@https://registry.npmjs.org/tinyglobby/-/tinyglobby-0.2.16.tgz 0ms (cache hit)
363 http cache lightningcss-darwin-arm64@https://registry.npmjs.org/lightningcss-darwin-arm64/-/lightningcss-darwin-arm64-1.32.0.tgz 0ms (cache hit)
364 http cache detect-libc@https://registry.npmjs.org/detect-libc/-/detect-libc-2.1.2.tgz 0ms (cache hit)
365 http cache rolldown@https://registry.npmjs.org/rolldown/-/rolldown-1.0.0-rc.18.tgz 0ms (cache hit)
366 http cache postcss@https://registry.npmjs.org/postcss/-/postcss-8.5.14.tgz 0ms (cache hit)
367 http cache picomatch@https://registry.npmjs.org/picomatch/-/picomatch-4.0.4.tgz 0ms (cache hit)
368 http cache lightningcss@https://registry.npmjs.org/lightningcss/-/lightningcss-1.32.0.tgz 0ms (cache hit)
369 http cache fsevents@https://registry.npmjs.org/fsevents/-/fsevents-2.3.3.tgz 0ms (cache hit)
370 http cache scheduler@https://registry.npmjs.org/scheduler/-/scheduler-0.27.0.tgz 0ms (cache hit)
371 http cache @rolldown/pluginutils@https://registry.npmjs.org/@rolldown/pluginutils/-/pluginutils-1.0.0-rc.7.tgz 0ms (cache hit)
372 http cache react@https://registry.npmjs.org/react/-/react-19.2.6.tgz 0ms (cache hit)
373 http cache react-dom@https://registry.npmjs.org/react-dom/-/react-dom-19.2.6.tgz 0ms (cache hit)
374 http cache vite@https://registry.npmjs.org/vite/-/vite-8.0.11.tgz 0ms (cache hit)
375 http cache lucide-react@https://registry.npmjs.org/lucide-react/-/lucide-react-1.14.0.tgz 0ms (cache hit)
376 http cache @vitejs/plugin-react@https://registry.npmjs.org/@vitejs/plugin-react/-/plugin-react-6.0.1.tgz 0ms (cache hit)
377 http cache @oxc-project/types@https://registry.npmjs.org/@oxc-project/types/-/types-0.128.0.tgz 0ms (cache hit)
378 http cache @rolldown/pluginutils@https://registry.npmjs.org/@rolldown/pluginutils/-/pluginutils-1.0.0-rc.18.tgz 0ms (cache hit)
379 silly tarball no local data for fdir@https://registry.npmjs.org/fdir/-/fdir-6.5.0.tgz. Extracting by manifest.
380 silly tarball no local data for @rolldown/binding-darwin-arm64@https://registry.npmjs.org/@rolldown/binding-darwin-arm64/-/binding-darwin-arm64-1.0.0-rc.18.tgz. Extracting by manifest.
381 silly tarball no local data for picocolors@https://registry.npmjs.org/picocolors/-/picocolors-1.1.1.tgz. Extracting by manifest.
382 silly tarball no local data for source-map-js@https://registry.npmjs.org/source-map-js/-/source-map-js-1.2.1.tgz. Extracting by manifest.
383 silly tarball no local data for nanoid@https://registry.npmjs.org/nanoid/-/nanoid-3.3.12.tgz. Extracting by manifest.
384 silly tarball no local data for tinyglobby@https://registry.npmjs.org/tinyglobby/-/tinyglobby-0.2.16.tgz. Extracting by manifest.
385 silly tarball no local data for lightningcss-darwin-arm64@https://registry.npmjs.org/lightningcss-darwin-arm64/-/lightningcss-darwin-arm64-1.32.0.tgz. Extracting by manifest.
386 silly tarball no local data for detect-libc@https://registry.npmjs.org/detect-libc/-/detect-libc-2.1.2.tgz. Extracting by manifest.
387 silly tarball no local data for rolldown@https://registry.npmjs.org/rolldown/-/rolldown-1.0.0-rc.18.tgz. Extracting by manifest.
388 silly tarball no local data for postcss@https://registry.npmjs.org/postcss/-/postcss-8.5.14.tgz. Extracting by manifest.
389 silly tarball no local data for picomatch@https://registry.npmjs.org/picomatch/-/picomatch-4.0.4.tgz. Extracting by manifest.
390 silly tarball no local data for lightningcss@https://registry.npmjs.org/lightningcss/-/lightningcss-1.32.0.tgz. Extracting by manifest.
391 silly tarball no local data for fsevents@https://registry.npmjs.org/fsevents/-/fsevents-2.3.3.tgz. Extracting by manifest.
392 silly tarball no local data for scheduler@https://registry.npmjs.org/scheduler/-/scheduler-0.27.0.tgz. Extracting by manifest.
393 silly tarball no local data for @rolldown/pluginutils@https://registry.npmjs.org/@rolldown/pluginutils/-/pluginutils-1.0.0-rc.7.tgz. Extracting by manifest.
394 silly tarball no local data for react@https://registry.npmjs.org/react/-/react-19.2.6.tgz. Extracting by manifest.
395 silly tarball no local data for react-dom@https://registry.npmjs.org/react-dom/-/react-dom-19.2.6.tgz. Extracting by manifest.
396 silly tarball no local data for vite@https://registry.npmjs.org/vite/-/vite-8.0.11.tgz. Extracting by manifest.
397 silly tarball no local data for lucide-react@https://registry.npmjs.org/lucide-react/-/lucide-react-1.14.0.tgz. Extracting by manifest.
398 silly tarball no local data for @vitejs/plugin-react@https://registry.npmjs.org/@vitejs/plugin-react/-/plugin-react-6.0.1.tgz. Extracting by manifest.
399 silly tarball no local data for @oxc-project/types@https://registry.npmjs.org/@oxc-project/types/-/types-0.128.0.tgz. Extracting by manifest.
400 silly tarball no local data for @rolldown/pluginutils@https://registry.npmjs.org/@rolldown/pluginutils/-/pluginutils-1.0.0-rc.18.tgz. Extracting by manifest.
401 http fetch GET 200 https://registry.npmjs.org/picocolors/-/picocolors-1.1.1.tgz 44ms (cache miss)
402 http fetch GET 200 https://registry.npmjs.org/nanoid/-/nanoid-3.3.12.tgz 43ms (cache miss)
403 http fetch GET 200 https://registry.npmjs.org/tinyglobby/-/tinyglobby-0.2.16.tgz 44ms (cache miss)
404 http fetch GET 200 https://registry.npmjs.org/fsevents/-/fsevents-2.3.3.tgz 44ms (cache miss)
405 http fetch GET 200 https://registry.npmjs.org/detect-libc/-/detect-libc-2.1.2.tgz 44ms (cache miss)
406 http fetch GET 200 https://registry.npmjs.org/fdir/-/fdir-6.5.0.tgz 51ms (cache miss)
407 http fetch GET 200 https://registry.npmjs.org/picomatch/-/picomatch-4.0.4.tgz 52ms (cache miss)
408 http fetch GET 200 https://registry.npmjs.org/scheduler/-/scheduler-0.27.0.tgz 51ms (cache miss)
409 http fetch GET 200 https://registry.npmjs.org/source-map-js/-/source-map-js-1.2.1.tgz 56ms (cache miss)
410 http fetch GET 200 https://registry.npmjs.org/lightningcss/-/lightningcss-1.32.0.tgz 65ms (cache miss)
411 http fetch GET 200 https://registry.npmjs.org/react/-/react-19.2.6.tgz 79ms (cache miss)
412 http fetch GET 200 https://registry.npmjs.org/@rolldown/pluginutils/-/pluginutils-1.0.0-rc.18.tgz 82ms (cache miss)
413 http fetch GET 200 https://registry.npmjs.org/@oxc-project/types/-/types-0.128.0.tgz 85ms (cache miss)
414 http fetch GET 200 https://registry.npmjs.org/@vitejs/plugin-react/-/plugin-react-6.0.1.tgz 86ms (cache miss)
415 http fetch GET 200 https://registry.npmjs.org/postcss/-/postcss-8.5.14.tgz 87ms (cache miss)
416 http fetch GET 200 https://registry.npmjs.org/@rolldown/pluginutils/-/pluginutils-1.0.0-rc.7.tgz 86ms (cache miss)
417 http fetch GET 200 https://registry.npmjs.org/rolldown/-/rolldown-1.0.0-rc.18.tgz 92ms (cache miss)
418 http fetch POST 200 https://registry.npmjs.org/-/npm/v1/security/advisories/bulk 113ms
419 silly audit report {}
420 http fetch GET 200 https://registry.npmjs.org/vite/-/vite-8.0.11.tgz 160ms (cache miss)
421 http fetch GET 200 https://registry.npmjs.org/lightningcss-darwin-arm64/-/lightningcss-darwin-arm64-1.32.0.tgz 181ms (cache miss)
422 http fetch GET 200 https://registry.npmjs.org/react-dom/-/react-dom-19.2.6.tgz 199ms (cache miss)
423 http fetch GET 200 https://registry.npmjs.org/@rolldown/binding-darwin-arm64/-/binding-darwin-arm64-1.0.0-rc.18.tgz 354ms (cache miss)
424 http fetch GET 200 https://registry.npmjs.org/lucide-react/-/lucide-react-1.14.0.tgz 706ms (cache miss)
425 info run fsevents@2.3.3 install node_modules/fsevents node-gyp rebuild
426 info run fsevents@2.3.3 install { code: 1, signal: null }
427 verbose reify failed optional dependency /Users/agents/.openclaw/workspace/emmetts-bin-cleaning/node_modules/fsevents
428 silly reify mark deleted [
428 silly reify   '/Users/agents/.openclaw/workspace/emmetts-bin-cleaning/node_modules/fsevents'
428 silly reify ]
429 silly ADD node_modules/fdir
430 silly ADD node_modules/@rolldown/binding-darwin-arm64
431 silly ADD node_modules/@oxc-project/types
432 silly ADD node_modules/source-map-js
433 silly ADD node_modules/picocolors
434 silly ADD node_modules/nanoid
435 silly ADD node_modules/lightningcss-darwin-arm64
436 silly ADD node_modules/detect-libc
437 silly ADD node_modules/tinyglobby
438 silly ADD node_modules/rolldown
439 silly ADD node_modules/rolldown/node_modules/@rolldown/pluginutils
440 silly ADD node_modules/postcss
441 silly ADD node_modules/picomatch
442 silly ADD node_modules/lightningcss
443 silly ADD
444 silly ADD node_modules/scheduler
445 silly ADD node_modules/@rolldown/pluginutils
446 silly ADD node_modules/react-dom
447 silly ADD node_modules/react
448 silly ADD node_modules/lucide-react
449 silly ADD node_modules/vite
450 silly ADD node_modules/@vitejs/plugin-react
451 verbose cwd /Users/agents/.openclaw/workspace/emmetts-bin-cleaning
452 verbose os Darwin 25.4.0
453 verbose node v25.9.0
454 verbose npm  v11.13.0
455 notice
455 notice New minor version of npm available! 11.13.0 -> 11.14.1
455 notice Changelog: https://github.com/npm/cli/releases/tag/v11.14.1
455 notice To update run: npm install -g npm@11.14.1
455 notice  { force: true, Symbol(proc-log.meta): true }
456 verbose exit 0
457 info ok
